\BOOKMARK [1][-]{section.1}{\376\377\000I\000n\000t\000r\000o\000d\000u\000\347\000\343\000o}{}% 1
\BOOKMARK [1][-]{section.2}{\376\377\000M\000e\000t\000o\000d\000o\000l\000o\000g\000i\000a\000\040\000d\000e\000\040\000T\000r\000a\000b\000a\000l\000h\000o}{}% 2
\BOOKMARK [1][-]{section.3}{\376\377\000R\000e\000v\000i\000s\000\343\000o\000\040\000d\000o\000\040\000E\000s\000t\000a\000d\000o\000\040\000d\000a\000\040\000A\000r\000t\000e}{}% 3
\BOOKMARK [1][-]{section.4}{\376\377\000E\000x\000p\000l\000o\000r\000a\000\347\000\343\000o\000\040\000e\000\040\000P\000r\000e\000p\000a\000r\000a\000\347\000\343\000o\000\040\000d\000o\000s\000\040\000D\000a\000d\000o\000s}{}% 4
\BOOKMARK [1][-]{section.5}{\376\377\000A\000n\000\341\000l\000i\000s\000e\000\040\000e\000\040\000D\000i\000s\000c\000u\000s\000s\000\343\000o\000\040\000d\000e\000\040\000R\000e\000s\000u\000l\000t\000a\000d\000o\000s\000:\000\040\000R\000e\000g\000r\000e\000s\000s\000\343\000o}{}% 5
\BOOKMARK [2][-]{subsection.5.1}{\376\377\000C\000a\000r\000r\000e\000g\000a\000m\000e\000n\000t\000o\000\040\000d\000o\000\040\000f\000i\000c\000h\000e\000i\000r\000o\000\040\000e\000\040\000a\000\040\000d\000i\000m\000e\000n\000s\000\343\000o\000\040\000e\000\040\000s\000u\000m\000\341\000r\000i\000o\000\040\000d\000o\000s\000\040\000d\000a\000d\000o\000s\000.}{section.5}% 6
\BOOKMARK [2][-]{subsection.5.2}{\376\377\000X}{section.5}% 7
\BOOKMARK [2][-]{subsection.5.3}{\376\377\000X}{section.5}% 8
\BOOKMARK [2][-]{subsection.5.4}{\376\377\000P\000r\000e\000v\000i\000s\000\343\000o\000\040\000d\000a\000\040\000e\000s\000p\000e\000r\000a\000n\000\347\000a\000\040\000d\000e\000\040\000v\000i\000d\000a\000\040\000a\000p\000l\000i\000c\000a\000n\000d\000o\000\040\000r\000e\000g\000r\000e\000s\000s\000\343\000o\000\040\000l\000i\000n\000e\000a\000r\000\040\000m\000\372\000l\000t\000i\000p\000l\000a\000,\000\040\000\341\000r\000v\000o\000r\000e\000\040\000d\000e\000\040\000r\000e\000g\000r\000e\000s\000s\000\343\000o\000\040\000e\000\040\000r\000e\000d\000e\000\040\000n\000e\000u\000r\000o\000n\000a\000l\000.}{section.5}% 9
\BOOKMARK [3][-]{subsubsection.5.4.1}{\376\377\000R\000e\000g\000r\000e\000s\000s\000\343\000o\000\040\000l\000i\000n\000e\000a\000r\000\040\000m\000\372\000l\000t\000i\000p\000l\000a}{subsection.5.4}% 10
\BOOKMARK [3][-]{subsubsection.5.4.2}{\376\377\000\301\000r\000v\000o\000r\000e\000\040\000d\000e\000\040\000r\000e\000g\000r\000e\000s\000s\000\343\000o}{subsection.5.4}% 11
\BOOKMARK [3][-]{subsubsection.5.4.3}{\376\377\000R\000e\000d\000e\000s\000\040\000n\000e\000u\000r\000o\000n\000a\000i\000s}{subsection.5.4}% 12
\BOOKMARK [3][-]{subsubsection.5.4.4}{\376\377\000T\000e\000s\000t\000e\000\040\000a\000o\000s\000\040\000r\000e\000s\000u\000l\000t\000a\000d\000o\000s\000\040\000d\000o\000s\000\040\000d\000o\000i\000s\000\040\000m\000e\000l\000h\000o\000r\000e\000s\000\040\000m\000o\000d\000e\000l\000o\000s}{subsection.5.4}% 13
\BOOKMARK [1][-]{section.6}{\376\377\000A\000n\000\341\000l\000i\000s\000e\000\040\000e\000\040\000D\000i\000s\000c\000u\000s\000s\000\343\000o\000\040\000d\000e\000\040\000R\000e\000s\000u\000l\000t\000a\000d\000o\000s\000:\000\040\000C\000l\000a\000s\000s\000i\000f\000i\000c\000a\000\347\000\343\000o}{}% 14
\BOOKMARK [2][-]{subsection.6.1}{\376\377\000D\000e\000r\000i\000v\000a\000\347\000\343\000o\000\040\000d\000e\000\040\000u\000m\000\040\000n\000o\000v\000o\000\040\000a\000t\000r\000i\000b\000u\000t\000o\000\040\000N\000i\000v\000e\000l\000d\000e\000R\000i\000s\000c\000o\000,\000\040\000d\000i\000s\000c\000r\000e\000t\000i\000z\000a\000n\000d\000o\000\040\000o\000\040\000a\000t\000r\000i\000b\000u\000t\000o\000\040\000T\000a\000x\000a\000\040\000d\000e\000\040\000T\000r\000a\000n\000s\000m\000i\000s\000s\000i\000b\000i\000l\000i\000d\000a\000d\000e\000,\000\040\000e\000m\000\040\0002\000\040\000c\000l\000a\000s\000s\000e\000s\000:\000\040\000l\000o\000w\000\040\000e\000\040\000h\000i\000g\000h\000\040\000u\000s\000a\000n\000d\000o\000\040\000c\000o\000m\000o\000\040\000v\000a\000l\000o\000r\000\040\000d\000e\000\040\000c\000o\000r\000t\000e\000\040\000a\000\040\000m\000\351\000d\000i\000a\000\040\000d\000o\000\040\000a\000t\000r\000i\000b\000u\000t\000o\000.}{section.6}% 15
\BOOKMARK [2][-]{subsection.6.2}{\376\377\000X}{section.6}% 16
\BOOKMARK [3][-]{subsubsection.6.2.1}{\376\377\000\301\000r\000v\000o\000r\000e\000\040\000d\000e\000\040\000d\000e\000c\000i\000s\000\343\000o}{subsection.6.2}% 17
\BOOKMARK [3][-]{subsubsection.6.2.2}{\376\377\000R\000e\000d\000e\000\040\000n\000e\000u\000r\000o\000n\000a\000l}{subsection.6.2}% 18
\BOOKMARK [3][-]{subsubsection.6.2.3}{\376\377\000K\000-\000v\000i\000z\000i\000n\000h\000o\000s\000-\000m\000a\000i\000s\000-\000p\000r\000\363\000x\000i\000m\000o\000s}{subsection.6.2}% 19
\BOOKMARK [3][-]{subsubsection.6.2.4}{\376\377\000k\000-\000f\000o\000l\000d\000\040\000c\000r\000o\000s\000s\000\040\000v\000a\000l\000i\000d\000a\000t\000i\000o\000n}{subsection.6.2}% 20
\BOOKMARK [3][-]{subsubsection.6.2.5}{\376\377\000T\000e\000s\000t\000e\000\040\000a\000o\000s\000\040\000r\000e\000s\000u\000l\000t\000a\000d\000o\000s\000\040\000d\000o\000s\000\040\000d\000o\000i\000s\000\040\000m\000e\000l\000h\000o\000r\000e\000s\000\040\000m\000o\000d\000e\000l\000o\000s}{subsection.6.2}% 21
\BOOKMARK [2][-]{subsection.6.3}{\376\377\000D\000e\000r\000i\000v\000a\000\347\000\343\000o\000\040\000d\000o\000\040\000n\000o\000v\000o\000\040\000a\000t\000r\000i\000b\000u\000t\000o\000\040\000C\000l\000a\000s\000s\000e\000d\000e\000R\000i\000s\000c\000o\000,\000\040\000d\000i\000s\000c\000r\000e\000t\000i\000z\000a\000n\000d\000o\000\040\000o\000s\000\040\000a\000t\000r\000i\000b\000u\000t\000o\000s\000\040\000T\000a\000x\000a\000\040\000d\000e\000\040\000T\000r\000a\000n\000s\000m\000i\000s\000s\000i\000b\000i\000l\000i\000d\000a\000d\000e\000\040\000R\000\050\000t\000\051\000\040\000e\000\040\000I\000n\000c\000i\000d\000\352\000n\000c\000i\000a\000.}{section.6}% 22
\BOOKMARK [2][-]{subsection.6.4}{\376\377\000A\000v\000a\000l\000i\000a\000\347\000\343\000o\000\040\000d\000a\000\040\000c\000a\000p\000a\000c\000i\000d\000a\000d\000e\000\040\000p\000r\000e\000d\000i\000t\000i\000v\000a\000\040\000r\000e\000l\000a\000t\000i\000v\000a\000m\000e\000n\000t\000e\000\040\000a\000o\000\040\000n\000o\000v\000o\000\040\000a\000t\000r\000i\000b\000u\000t\000o\000\040\000C\000l\000a\000s\000s\000e\000d\000e\000R\000i\000s\000c\000o\000\040\000u\000s\000a\000n\000d\000o\000\040\000\341\000r\000v\000o\000r\000e\000\040\000d\000e\000\040\000r\000e\000g\000r\000e\000s\000s\000\343\000o\000,\000\040\000r\000e\000d\000e\000\040\000n\000e\000u\000r\000o\000n\000a\000l\000\040\000e\000\040\000k\000-\000v\000i\000z\000i\000n\000h\000o\000s\000-\000m\000a\000i\000s\000-\000p\000r\000\363\000x\000i\000m\000o\000s\000.}{section.6}% 23
\BOOKMARK [3][-]{subsubsection.6.4.1}{\376\377\000\301\000r\000v\000o\000r\000e\000\040\000d\000e\000\040\000d\000e\000c\000i\000s\000\343\000o}{subsection.6.4}% 24
\BOOKMARK [3][-]{subsubsection.6.4.2}{\376\377\000R\000e\000d\000e\000\040\000n\000e\000u\000r\000o\000n\000a\000l}{subsection.6.4}% 25
\BOOKMARK [3][-]{subsubsection.6.4.3}{\376\377\000K\000-\000v\000i\000z\000i\000n\000h\000o\000s\000-\000m\000a\000i\000s\000-\000p\000r\000\363\000x\000i\000m\000o\000s}{subsection.6.4}% 26
\BOOKMARK [3][-]{subsubsection.6.4.4}{\376\377\000C\000o\000m\000p\000a\000r\000a\000\347\000\343\000o\000\040\000d\000o\000s\000\040\000m\000o\000d\000e\000l\000o\000s}{subsection.6.4}% 27
\BOOKMARK [1][-]{section.7}{\376\377\000C\000o\000n\000c\000l\000u\000s\000\365\000e\000s}{}% 28
\BOOKMARK [1][-]{section*.1}{\376\377\000R\000e\000f\000e\000r\000\352\000n\000c\000i\000a\000s}{}% 29
